--- Startup times for process: Primary/TUI ---

times in msec
 clock   self+sourced   self:  sourced script
 clock   elapsed:              other lines

000.001  000.001: --- NVIM STARTING ---
000.091  000.090: event init
000.141  000.049: early init
000.232  000.091: locale set
000.257  000.026: init first window
000.419  000.162: inits 1
000.425  000.006: window checked
000.429  000.004: parsing arguments
000.731  000.023  000.023: require('vim.shared')
000.785  000.025  000.025: require('vim.inspect')
000.813  000.021  000.021: require('vim._options')
000.814  000.081  000.035: require('vim._editor')
000.815  000.123  000.019: require('vim._init_packages')
000.819  000.266: init lua interpreter
001.101  000.282: --- NVIM STARTED ---

--- Startup times for process: Embedded ---

times in msec
 clock   self+sourced   self:  sourced script
 clock   elapsed:              other lines

000.001  000.001: --- NVIM STARTING ---
000.077  000.076: event init
000.116  000.039: early init
000.207  000.091: locale set
000.230  000.023: init first window
000.371  000.142: inits 1
000.381  000.010: window checked
000.383  000.001: parsing arguments
000.668  000.021  000.021: require('vim.shared')
000.716  000.024  000.024: require('vim.inspect')
000.745  000.021  000.021: require('vim._options')
000.746  000.076  000.030: require('vim._editor')
000.747  000.134  000.037: require('vim._init_packages')
000.749  000.233: init lua interpreter
000.795  000.046: expanding arguments
000.804  000.009: inits 2
000.953  000.149: init highlight
000.954  000.001: waiting for UI
001.037  000.083: done waiting for UI
001.042  000.005: clear screen
001.083  000.003  000.003: require('vim.keymap')
001.405  000.362  000.358: require('vim._defaults')
001.407  000.003: init default mappings & autocommands
001.634  000.029  000.029: sourcing /usr/share/nvim/runtime/ftplugin.vim
001.663  000.014  000.014: sourcing /usr/share/nvim/runtime/indent.vim
001.725  000.041  000.041: sourcing /usr/share/nvim/archlinux.lua
001.728  000.053  000.013: sourcing /etc/xdg/nvim/sysinit.vim
003.561  000.273  000.273: require('lazy')
003.608  000.012  000.012: require('ffi')
003.650  000.021  000.021: require('vim.fs')
003.732  000.076  000.076: require('vim.uri')
003.742  000.132  000.035: require('vim.loader')
003.901  000.148  000.148: require('lazy.stats')
004.075  000.161  000.161: require('lazy.core.util')
004.156  000.079  000.079: require('lazy.core.config')
004.316  000.065  000.065: require('lazy.core.handler')
004.497  000.067  000.067: require('lazy.pkg')
004.500  000.137  000.071: require('lazy.core.meta')
004.503  000.186  000.048: require('lazy.core.plugin')
004.507  000.350  000.099: require('lazy.core.loader')
004.704  000.041  000.041: require('lazy.core.fragments')
005.416  000.085  000.085: require('lazy.core.handler.keys')
005.510  000.039  000.039: require('lazy.core.handler.event')
005.512  000.094  000.054: require('lazy.core.handler.ft')
005.545  000.031  000.031: require('lazy.core.handler.cmd')
005.801  000.105  000.105: sourcing /usr/share/nvim/runtime/filetype.lua
006.370  000.066  000.066: require('tokyonight.config')
006.373  000.385  000.320: require('tokyonight')
006.951  000.153  000.153: require('vim.lsp.log')
007.505  000.550  000.550: require('vim.lsp.protocol')
007.712  000.093  000.093: require('vim.lsp._snippet_grammar')
007.743  000.029  000.029: require('vim.highlight')
007.748  000.003  000.003: require('vim.F')
007.756  000.249  000.125: require('vim.lsp.util')
007.810  000.023  000.023: require('vim.lsp.sync')
007.813  000.055  000.031: require('vim.lsp._changetracking')
007.887  000.073  000.073: require('vim.lsp.rpc')
007.919  001.261  000.181: require('vim.lsp')
007.943  001.331  000.070: sourcing /home/$USER/.local/share/nvim/lazy/nvim-lspconfig/plugin/lspconfig.lua
008.347  000.092  000.092: require('lspconfig.util')
008.377  000.028  000.028: require('lspconfig.async')
008.379  000.154  000.034: require('lspconfig.configs')
008.380  000.420  000.266: require('lspconfig')
008.568  000.032  000.032: require('cmp_nvim_lsp.source')
008.571  000.190  000.158: require('cmp_nvim_lsp')
008.610  000.036  000.036: require('lspconfig.server_configurations.tsserver')
008.990  000.046  000.046: require('lspconfig.manager')
009.024  000.032  000.032: require('lspconfig.server_configurations.lua_ls')
009.272  000.039  000.039: require('lspconfig.server_configurations.clangd')
009.901  000.363  000.363: require('vim.diagnostic')
010.489  000.128  000.128: sourcing /home/$USER/.local/share/nvim/lazy/vim-vsnip/autoload/vital/vsnip.vim
010.609  000.044  000.044: sourcing /home/$USER/.local/share/nvim/lazy/vim-vsnip/autoload/vital/_vsnip/VS/LSP/Position.vim
010.645  000.009  000.009: sourcing /home/$USER/.local/share/nvim/lazy/vim-vsnip/autoload/vital/_vsnip.vim
010.803  000.464  000.282: sourcing /home/$USER/.local/share/nvim/lazy/vim-vsnip/autoload/vsnip/snippet.vim
010.934  000.064  000.064: sourcing /home/$USER/.local/share/nvim/lazy/vim-vsnip/autoload/vital/_vsnip/VS/LSP/TextEdit.vim
011.059  000.037  000.037: sourcing /home/$USER/.local/share/nvim/lazy/vim-vsnip/autoload/vital/_vsnip/VS/LSP/Text.vim
011.231  000.070  000.070: sourcing /home/$USER/.local/share/nvim/lazy/vim-vsnip/autoload/vital/_vsnip/VS/Vim/Buffer.vim
011.366  000.031  000.031: sourcing /home/$USER/.local/share/nvim/lazy/vim-vsnip/autoload/vital/_vsnip/VS/Vim/Option.vim
011.561  000.076  000.076: sourcing /home/$USER/.local/share/nvim/lazy/vim-vsnip/autoload/vital/_vsnip/VS/LSP/Diff.vim
011.654  001.334  000.592: sourcing /home/$USER/.local/share/nvim/lazy/vim-vsnip/autoload/vsnip/session.vim
011.750  001.450  000.117: sourcing /home/$USER/.local/share/nvim/lazy/vim-vsnip/autoload/vsnip.vim
011.884  001.680  000.230: sourcing /home/$USER/.local/share/nvim/lazy/vim-vsnip/plugin/vsnip.vim
012.055  000.087  000.087: require('cmp.utils.api')
012.157  000.038  000.038: require('cmp.types.cmp')
012.264  000.059  000.059: require('cmp.utils.misc')
012.288  000.129  000.070: require('cmp.types.lsp')
012.321  000.032  000.032: require('cmp.types.vim')
012.323  000.266  000.066: require('cmp.types')
012.356  000.032  000.032: require('cmp.utils.highlight')
012.435  000.045  000.045: require('cmp.utils.debug')
012.440  000.083  000.038: require('cmp.utils.autocmd')
012.630  000.699  000.232: sourcing /home/$USER/.local/share/nvim/lazy/nvim-cmp/plugin/cmp.lua
013.219  000.202  000.202: require('cmp.utils.char')
013.226  000.406  000.204: require('cmp.utils.str')
013.413  000.056  000.056: require('cmp.utils.buffer')
013.417  000.120  000.064: require('cmp.utils.keymap')
013.418  000.191  000.071: require('cmp.utils.feedkeys')
013.521  000.030  000.030: require('cmp.config.mapping')
013.545  000.022  000.022: require('cmp.utils.cache')
013.600  000.027  000.027: require('cmp.config.compare')
013.601  000.055  000.028: require('cmp.config.default')
013.611  000.146  000.040: require('cmp.config')
013.617  000.198  000.052: require('cmp.utils.async')
013.695  000.038  000.038: require('cmp.utils.pattern')
013.698  000.079  000.041: require('cmp.context')
013.811  000.044  000.044: require('cmp.utils.snippet')
013.836  000.024  000.024: require('cmp.matcher')
013.839  000.105  000.038: require('cmp.entry')
013.843  000.145  000.039: require('cmp.source')
013.889  000.020  000.020: require('cmp.utils.event')
013.957  000.018  000.018: require('cmp.utils.options')
013.960  000.046  000.028: require('cmp.utils.window')
013.962  000.071  000.025: require('cmp.view.docs_view')
014.003  000.040  000.040: require('cmp.view.custom_entries_view')
014.034  000.030  000.030: require('cmp.view.wildmenu_entries_view')
014.061  000.026  000.026: require('cmp.view.native_entries_view')
014.100  000.038  000.038: require('cmp.view.ghost_text_view')
014.105  000.261  000.036: require('cmp.view')
014.459  001.738  000.457: require('cmp.core')
014.542  000.030  000.030: require('cmp.config.sources')
014.566  000.022  000.022: require('cmp.config.window')
014.587  001.942  000.153: require('cmp')
015.298  000.019  000.019: sourcing /home/$USER/.local/share/nvim/lazy/nvim-web-devicons/plugin/nvim-web-devicons.vim
016.092  000.422  000.422: require('nvim-web-devicons.icons-default')
016.291  000.980  000.559: require('nvim-web-devicons')
018.264  000.030  000.030: sourcing /home/$USER/.local/share/nvim/lazy/barbar.nvim/plugin/barbar.lua
018.579  000.050  000.050: require('barbar.animate')
018.910  000.154  000.154: require('barbar.fs')
019.299  000.138  000.138: require('barbar.utils.table')
019.358  000.057  000.057: require('barbar.utils')
019.363  000.378  000.183: require('barbar.config')
019.388  000.024  000.024: require('barbar.utils.list')
019.415  000.503  000.102: require('barbar.buffer')
019.500  000.025  000.025: require('barbar.utils.highlight')
019.522  000.072  000.047: require('barbar.icons')
019.525  000.108  000.035: require('barbar.ui.layout')
019.550  000.024  000.024: require('barbar.constants')
019.563  000.938  000.149: require('barbar.state')
019.566  000.984  000.046: require('barbar.bbye')
019.593  000.026  000.026: require('barbar.jump_mode')
019.681  000.025  000.025: require('barbar.ui.nodes')
019.688  000.093  000.068: require('barbar.ui.render')
019.695  001.240  000.087: require('barbar.api')
019.928  000.194  000.194: require('barbar.highlight')
019.933  000.237  000.043: require('barbar.events')
019.935  001.616  000.138: require('barbar')
021.051  000.033  000.033: require('lualine_require')
021.221  000.493  000.460: require('lualine')
022.832  000.030  000.030: require('lualine.utils.mode')
024.596  000.024  000.024: require('Comment.config')
024.696  000.064  000.064: require('Comment.ft')
024.700  000.103  000.038: require('Comment.utils')
024.735  000.034  000.034: require('Comment.opfunc')
024.768  000.032  000.032: require('Comment.extra')
024.771  000.336  000.144: require('Comment.api')
024.901  000.512  000.176: sourcing /home/$USER/.local/share/nvim/lazy/Comment.nvim/plugin/Comment.lua
024.977  000.043  000.043: require('Comment')
025.456  000.048  000.048: require('ibl.utils')
025.460  000.089  000.041: require('ibl.config')
025.546  000.031  000.031: require('ibl.indent')
025.551  000.090  000.059: require('ibl.hooks')
025.553  000.211  000.032: require('ibl.highlights')
025.579  000.026  000.026: require('ibl.autocmds')
025.627  000.046  000.046: require('ibl.inlay_hints')
025.654  000.025  000.025: require('ibl.virt_text')
025.786  000.104  000.104: require('ibl.scope_languages')
025.789  000.134  000.029: require('ibl.scope')
025.794  000.719  000.277: require('ibl')
025.943  000.123  000.123: require('vim.lsp.handlers')
026.372  000.051  000.051: require('mason-core.path')
026.535  000.106  000.106: require('mason-core.functional')
026.614  000.033  000.033: require('mason-core.functional.data')
026.622  000.080  000.047: require('mason-core.functional.function')
026.671  000.041  000.041: require('mason-core.functional.relation')
026.714  000.037  000.037: require('mason-core.functional.logic')
026.728  000.354  000.091: require('mason-core.platform')
026.776  000.047  000.047: require('mason.settings')
026.778  000.697  000.246: require('mason')
026.938  000.077  000.077: require('mason-core.functional.list')
026.990  000.049  000.049: require('mason-core.functional.string')
027.007  000.220  000.094: require('mason.api.command')
027.063  000.052  000.052: require('mason-registry.sources')
027.317  000.018  000.018: sourcing /home/$USER/.local/share/nvim/lazy/plenary.nvim/plugin/plenary.vim
027.548  000.178  000.178: sourcing /home/$USER/.local/share/nvim/lazy/telescope.nvim/plugin/telescope.lua
028.126  000.087  000.087: require('nvim-treesitter.utils')
029.422  000.348  000.348: require('vim.treesitter.language')
029.473  000.048  000.048: require('vim.func')
029.538  000.060  000.060: require('vim.func._memoize')
029.561  000.740  000.284: require('vim.treesitter.query')
029.628  000.066  000.066: require('vim.treesitter._range')
029.636  001.003  000.197: require('vim.treesitter.languagetree')
029.641  001.261  000.258: require('vim.treesitter')
030.043  001.915  000.654: require('nvim-treesitter.parsers')
030.173  000.023  000.023: require('nvim-treesitter.compat')
030.237  000.037  000.037: require('nvim-treesitter.ts_utils')
030.241  000.066  000.029: require('nvim-treesitter.tsrange')
030.265  000.023  000.023: require('nvim-treesitter.caching')
030.271  000.150  000.038: require('nvim-treesitter.query')
030.278  000.197  000.046: require('nvim-treesitter.configs')
030.280  000.235  000.039: require('nvim-treesitter.info')
030.320  000.038  000.038: require('nvim-treesitter.shell_command_selectors')
030.332  002.379  000.103: require('nvim-treesitter.install')
030.379  000.046  000.046: require('nvim-treesitter.statusline')
030.411  000.030  000.030: require('nvim-treesitter.query_predicates')
030.412  002.647  000.192: require('nvim-treesitter')
030.589  002.860  000.214: sourcing /home/$USER/.local/share/nvim/lazy/nvim-treesitter/plugin/nvim-treesitter.lua
030.678  000.030  000.030: sourcing /usr/share/nvim/runtime/plugin/editorconfig.lua
030.771  000.078  000.078: sourcing /usr/share/nvim/runtime/plugin/gzip.vim
030.841  000.055  000.055: sourcing /usr/share/nvim/runtime/plugin/man.lua
031.165  000.108  000.108: sourcing /usr/share/nvim/runtime/pack/dist/opt/matchit/plugin/matchit.vim
031.178  000.317  000.209: sourcing /usr/share/nvim/runtime/plugin/matchit.vim
031.272  000.078  000.078: sourcing /usr/share/nvim/runtime/plugin/matchparen.vim
031.442  000.153  000.153: sourcing /usr/share/nvim/runtime/plugin/netrwPlugin.vim
031.516  000.051  000.051: sourcing /usr/share/nvim/runtime/plugin/osc52.lua
031.613  000.077  000.077: sourcing /usr/share/nvim/runtime/plugin/rplugin.vim
031.676  000.031  000.031: sourcing /usr/share/nvim/runtime/plugin/shada.vim
031.707  000.010  000.010: sourcing /usr/share/nvim/runtime/plugin/spellfile.vim
031.769  000.044  000.044: sourcing /usr/share/nvim/runtime/plugin/tarPlugin.vim
031.841  000.050  000.050: sourcing /usr/share/nvim/runtime/plugin/tohtml.lua
031.872  000.011  000.011: sourcing /usr/share/nvim/runtime/plugin/tutor.vim
031.961  000.071  000.071: sourcing /usr/share/nvim/runtime/plugin/zipPlugin.vim
032.093  000.059  000.059: sourcing /home/$USER/.local/share/nvim/lazy/indent-blankline.nvim/after/plugin/commands.lua
032.180  000.031  000.031: require('cmp_vsnip')
032.194  000.066  000.035: sourcing /home/$USER/.local/share/nvim/lazy/cmp-vsnip/after/plugin/cmp_vsnip.lua
032.280  000.027  000.027: sourcing /home/$USER/.local/share/nvim/lazy/cmp-nvim-lsp/after/plugin/cmp_nvim_lsp.lua
032.828  000.034  000.034: require('tokyonight.util')
032.831  000.066  000.031: require('tokyonight.theme')
032.926  000.033  000.033: require('tokyonight.colors')
033.078  000.043  000.043: require('tokyonight.groups')
033.647  000.915  000.773: sourcing /home/$USER/.local/share/nvim/lazy/tokyonight.nvim/colors/tokyonight.lua
035.459  033.718  014.330: sourcing /home/$USER/.config/nvim/init.lua
035.466  000.245: sourcing vimrc file(s)
035.572  000.025  000.025: sourcing /usr/share/nvim/runtime/filetype.lua
035.707  000.037  000.037: sourcing /usr/share/nvim/runtime/syntax/synload.vim
035.774  000.164  000.127: sourcing /usr/share/nvim/runtime/syntax/syntax.vim
035.781  000.126: inits 3
037.283  001.503: reading ShaDa
037.355  000.072: opening buffers
037.505  000.150: BufEnter autocommands
037.507  000.002: editing files in windows
037.612  000.105: VimEnter autocommands
037.733  000.121: UIEnter autocommands
037.912  000.115  000.115: sourcing /usr/share/nvim/runtime/autoload/provider/clipboard.vim
037.916  000.069: before starting main loop
038.108  000.191: first screen update
038.109  000.001: --- NVIM STARTED ---

